[0m2021.07.28 21:16:09 INFO  Started: Metals version 0.10.5 in workspace '/home/benji/calc' for client Visual Studio Code 1.57.1.[0m
[0m2021.07.28 21:16:10 INFO  time: initialize in 0.47s[0m
[0m2021.07.28 21:16:10 WARN  Build server is not auto-connectable.[0m
[0m2021.07.28 21:16:10 WARN  no build tool detected in workspace '/home/benji/calc'. The most common cause for this problem is that the editor was opened in the wrong working directory, for example if you use sbt then the workspace directory should contain build.sbt. [0m
[0m2021.07.28 21:16:10 WARN  no build target for: /home/benji/calc/scala/HelloInteractive.scala[0m
[0m2021.07.28 21:16:13 INFO  no build target: using presentation compiler with only scala-library: 2.12.14[0m
[0m2021.07.28 21:16:15 INFO  time: code lens generation in 3.54s[0m
Jul 28, 2021 9:18:08 PM org.eclipse.lsp4j.jsonrpc.RemoteEndpoint handleCancellation
WARNING: Unmatched cancel notification for request id 20
[0m2021.07.28 21:18:08 WARN  no build target for: /home/benji/calc/scala/Calculator.scala[0m
[0m2021.07.28 21:18:17 WARN  no build target for: /home/benji/calc/scala/Calculator.scala[0m
[0m2021.07.28 21:21:37 WARN  no build target for: /home/benji/calc/scala/Calculator.scala[0m
[0m2021.07.28 21:21:37 WARN  no build target for: /home/benji/calc/scala/Calculator.scala[0m
[0m2021.07.28 21:21:53 WARN  no build target for: /home/benji/calc/scala/Calculator.scala[0m
Jul 28, 2021 9:21:54 PM org.eclipse.lsp4j.jsonrpc.RemoteEndpoint handleCancellation
WARNING: Unmatched cancel notification for request id 167
[0m2021.07.28 21:22:01 WARN  no build target for: /home/benji/calc/scala/Calculator.scala[0m
[0m2021.07.28 21:24:14 WARN  no build target for: /home/benji/calc/scala/Calculator.scala[0m
[0m2021.07.28 21:24:38 WARN  no build target for: /home/benji/calc/scala/Calculator.scala[0m
[0m2021.07.28 21:25:39 WARN  no build target for: /home/benji/calc/scala/Calculator.scala[0m
[0m2021.07.28 21:27:11 WARN  no build target for: /home/benji/calc/scala/Calculator.scala[0m
[0m2021.07.28 21:27:17 WARN  no build target for: /home/benji/calc/scala/Calculator.scala[0m
Jul 28, 2021 9:34:34 PM org.eclipse.lsp4j.jsonrpc.RemoteEndpoint handleCancellation
WARNING: Unmatched cancel notification for request id 1110
[0m2021.07.28 21:34:55 WARN  no build target for: /home/benji/calc/scala/Calculator.scala[0m
[0m2021.07.28 21:35:02 WARN  no build target for: /home/benji/calc/scala/Calculator.scala[0m
[0m2021.07.28 21:39:46 WARN  no build target for: /home/benji/calc/scala/Calculator.scala[0m
[0m2021.07.28 21:41:48 WARN  no build target for: /home/benji/calc/scala/Calculator.scala[0m
[0m2021.07.28 21:41:54 WARN  no build target for: /home/benji/calc/scala/Calculator.scala[0m
[0m2021.07.28 21:41:59 WARN  no build target for: /home/benji/calc/scala/Calculator.scala[0m
[0m2021.07.28 21:42:21 WARN  no build target for: /home/benji/calc/scala/Calculator.scala[0m
Jul 28, 2021 9:42:58 PM org.eclipse.lsp4j.jsonrpc.services.GenericEndpoint notify
INFO: Unsupported notification method: $/setTrace
Jul 28, 2021 9:44:31 PM org.eclipse.lsp4j.jsonrpc.services.GenericEndpoint notify
INFO: Unsupported notification method: $/setTrace
Jul 28, 2021 9:44:46 PM org.eclipse.lsp4j.jsonrpc.RemoteEndpoint handleCancellation
WARNING: Unmatched cancel notification for request id 1350
Jul 28, 2021 9:50:12 PM org.eclipse.lsp4j.jsonrpc.services.GenericEndpoint notify
INFO: Unsupported notification method: $/setTrace
Jul 28, 2021 10:00:11 PM org.eclipse.lsp4j.jsonrpc.services.GenericEndpoint notify
INFO: Unsupported notification method: $/setTrace
Jul 28, 2021 10:00:11 PM org.eclipse.lsp4j.jsonrpc.services.GenericEndpoint notify
INFO: Unsupported notification method: $/setTrace
[0m2021.07.28 22:32:31 WARN  no build target for: /home/benji/calc/scala/Calculator.scala[0m
[0m2021.07.28 22:32:40 WARN  no build target for: /home/benji/calc/scala/Calculator.scala[0m
[0m2021.07.28 22:33:04 WARN  no build target for: /home/benji/calc/scala/Calculator.scala[0m
Jul 28, 2021 10:33:05 PM org.eclipse.lsp4j.jsonrpc.RemoteEndpoint handleCancellation
WARNING: Unmatched cancel notification for request id 1465
Jul 28, 2021 10:33:31 PM org.eclipse.lsp4j.jsonrpc.RemoteEndpoint handleCancellation
WARNING: Unmatched cancel notification for request id 1489
[0m2021.07.28 23:06:09 INFO  shutting down Metals[0m
